[12Jan2025 00:00:04.566] [Server thread/INFO] [net.minecraft.server.MinecraftServer/]: Seta33 has reached the goal [Soul Magic]
[12Jan2025 00:05:15.642] [Server thread/INFO] [net.minecraft.server.MinecraftServer/]: [Seta33: Set spawn point to -63, 68, -378 [0.0] in minecraft:overworld for Seta33]
[12Jan2025 00:06:27.431] [Server thread/INFO] [net.minecraft.server.MinecraftServer/]: [Seta33: Set own game mode to Survival Mode]
[12Jan2025 00:10:23.192] [Server thread/INFO] [net.minecraft.server.MinecraftServer/]: [Seta33: Set own game mode to Creative Mode]
[12Jan2025 00:13:29.370] [Server thread/INFO] [net.minecraft.server.MinecraftServer/]: [Seta33: Set own game mode to Survival Mode]
[12Jan2025 00:13:44.113] [Server thread/INFO] [net.minecraft.server.MinecraftServer/]: [Seta33: Set own game mode to Creative Mode]
[12Jan2025 00:13:57.145] [Server thread/INFO] [net.minecraft.server.MinecraftServer/]: [Seta33: Set own game mode to Survival Mode]
[12Jan2025 00:16:58.938] [Server thread/INFO] [net.minecraft.server.MinecraftServer/]: Seta33 has reached the goal [A new home]
[12Jan2025 00:18:37.210] [Server thread/WARN] [net.minecraft.server.MinecraftServer/]: Can't keep up! Is the server overloaded? Running 2557ms or 51 ticks behind
[12Jan2025 00:20:08.809] [Server thread/INFO] [net.minecraft.server.MinecraftServer/]: [Seta33: Gave 1 [Fishing Rod] to Seta33]
[12Jan2025 00:21:15.738] [Server thread/INFO] [net.minecraft.server.MinecraftServer/]: [Seta33: Gave 1 [Fishing Rod] to Seta33]
[12Jan2025 00:22:25.787] [Server thread/INFO] [net.minecraft.server.MinecraftServer/]: [Seta33: Set own game mode to Creative Mode]
[12Jan2025 00:24:11.214] [Server thread/INFO] [net.minecraft.server.MinecraftServer/]: [Seta33: Set own game mode to Survival Mode]
[12Jan2025 00:24:45.232] [Server thread/INFO] [net.minecraft.server.network.ServerLoginPacketListenerImpl/]: com.mojang.authlib.GameProfile@62b69ba7[id=<null>,name=Erickduran2002,properties={},legacy=false] (/127.78.245.127:40059) lost connection: Internal Exception: java.lang.ArrayIndexOutOfBoundsException: Index 15 out of bounds for length 15
[12Jan2025 00:25:20.861] [Server thread/INFO] [net.minecraft.server.network.ServerLoginPacketListenerImpl/]: com.mojang.authlib.GameProfile@3420ada0[id=<null>,name=Erickduran2002,properties={},legacy=false] (/127.78.245.127:45891) lost connection: Disconnected
[12Jan2025 00:25:34.864] [Server thread/INFO] [net.minecraft.server.players.PlayerList/]: Erickduran2002[/127.78.245.127:47503] logged in with entity id 8321 at (-408.59102668426846, 63.16733728089129, 83.30000001192093)
[12Jan2025 00:25:34.875] [Server thread/INFO] [net.minecraft.server.MinecraftServer/]: Erickduran2002 joined the game
[12Jan2025 00:25:34.905] [Server thread/INFO] [Jade/]: Syncing config to Erickduran2002 (f2ee56ed-a252-3c49-aa50-c7a57c8b9cd5)
[12Jan2025 00:25:36.056] [Server thread/INFO] [voicechat/]: [voicechat] Received secret request of Erickduran2002 (18)
[12Jan2025 00:25:36.058] [Server thread/INFO] [voicechat/]: [voicechat] Sent secret to Erickduran2002
[12Jan2025 00:25:41.717] [VoiceChatPacketProcessingThread/INFO] [voicechat/]: [voicechat] Successfully authenticated player f2ee56ed-a252-3c49-aa50-c7a57c8b9cd5
[12Jan2025 00:25:42.717] [VoiceChatPacketProcessingThread/INFO] [voicechat/]: [voicechat] Successfully validated connection of player f2ee56ed-a252-3c49-aa50-c7a57c8b9cd5
[12Jan2025 00:25:42.720] [VoiceChatPacketProcessingThread/INFO] [voicechat/]: [voicechat] Player Erickduran2002 (f2ee56ed-a252-3c49-aa50-c7a57c8b9cd5) successfully connected to voice chat
[12Jan2025 00:25:52.252] [Server thread/WARN] [net.minecraft.server.MinecraftServer/]: Can't keep up! Is the server overloaded? Running 2899ms or 57 ticks behind
[12Jan2025 00:31:20.575] [Server thread/INFO] [net.minecraft.server.MinecraftServer/]: Seta33 has reached the goal [Home Sweet Home]
[12Jan2025 00:35:13.025] [Server thread/INFO] [net.minecraft.server.MinecraftServer/]: [Seta33: Set own game mode to Creative Mode]
[12Jan2025 00:37:07.936] [Server thread/INFO] [net.minecraft.server.MinecraftServer/]: [Seta33: Set own game mode to Survival Mode]
[12Jan2025 00:38:32.522] [Server thread/WARN] [net.minecraft.server.MinecraftServer/]: Can't keep up! Is the server overloaded? Running 3769ms or 75 ticks behind
[12Jan2025 00:39:32.170] [Worker-Main-3/WARN] [net.minecraft.world.level.levelgen.structure.pools.JigsawPlacement/]: Empty or non-existent pool: minecraft:
[12Jan2025 00:41:02.020] [Server thread/WARN] [net.minecraft.server.network.ServerGamePacketListenerImpl/]: Erickduran2002 moved too quickly! -7.0,-4.768476202412984,5.550274876420339
[12Jan2025 00:41:02.021] [Server thread/WARN] [net.minecraft.server.MinecraftServer/]: Can't keep up! Is the server overloaded? Running 4118ms or 82 ticks behind
[12Jan2025 00:41:09.400] [Worker-Main-3/WARN] [net.minecraft.world.level.levelgen.structure.pools.JigsawPlacement/]: Empty or non-existent pool: minecraft:
[12Jan2025 00:41:11.034] [Server thread/WARN] [net.minecraft.server.network.ServerGamePacketListenerImpl/]: Erickduran2002 moved too quickly! -6.940119593329541,-5.443613911123762,5.605195677364733
[12Jan2025 00:41:26.831] [Worker-Main-3/WARN] [net.minecraft.world.level.levelgen.structure.pools.JigsawPlacement/]: Empty or non-existent pool: minecraft:
[12Jan2025 00:41:28.452] [VoiceChatPacketProcessingThread/INFO] [voicechat/]: [voicechat] Player 14639684-7cba-383d-9504-86ac9ad2ef9e timed out
[12Jan2025 00:41:28.453] [VoiceChatPacketProcessingThread/INFO] [voicechat/]: [voicechat] Reconnecting player Seta33
[12Jan2025 00:41:28.453] [VoiceChatPacketProcessingThread/INFO] [voicechat/]: [voicechat] Sent secret to Seta33
[12Jan2025 00:41:31.875] [VoiceChatPacketProcessingThread/INFO] [voicechat/]: [voicechat] Successfully authenticated player 14639684-7cba-383d-9504-86ac9ad2ef9e
[12Jan2025 00:41:32.876] [VoiceChatPacketProcessingThread/INFO] [voicechat/]: [voicechat] Successfully validated connection of player 14639684-7cba-383d-9504-86ac9ad2ef9e
[12Jan2025 00:41:32.876] [VoiceChatPacketProcessingThread/INFO] [voicechat/]: [voicechat] Player Seta33 (14639684-7cba-383d-9504-86ac9ad2ef9e) successfully connected to voice chat
[12Jan2025 00:41:42.418] [Server thread/INFO] [net.minecraft.world.entity.npc.Villager/]: Villager Villager['Fletcher'/15622, l='ServerLevel[world]', x=-4197.75, y=70.50, z=-2589.08] died, message: 'Fletcher was slain by Vindicator'
[12Jan2025 00:42:21.187] [Server thread/INFO] [net.minecraft.server.MinecraftServer/]: Seta33 has completed the challenge [Village Defender]
[12Jan2025 00:43:46.245] [Worker-Main-3/ERROR] [net.minecraft.world.entity.animal.allay.Allay/]: No key selector in MapLike[{event_delay:0,event_distance:0.0f,range:16,source:{source_entity:[I;-1525245269,1540113467,-1220055943,-1016494837],type:"minecraft:entity",y_offset:0.36f}}]
[12Jan2025 00:43:47.354] [Server thread/WARN] [net.minecraft.server.network.ServerGamePacketListenerImpl/]: Erickduran2002 moved too quickly! -2.0401467508748397,0.12129684053920187,-9.838712219432864
[12Jan2025 00:43:47.355] [Server thread/WARN] [net.minecraft.server.MinecraftServer/]: Can't keep up! Is the server overloaded? Running 4752ms or 95 ticks behind
[12Jan2025 00:43:49.266] [VoiceChatPacketProcessingThread/INFO] [voicechat/]: [voicechat] Player 14639684-7cba-383d-9504-86ac9ad2ef9e timed out
[12Jan2025 00:43:49.267] [VoiceChatPacketProcessingThread/INFO] [voicechat/]: [voicechat] Reconnecting player Seta33
[12Jan2025 00:43:49.269] [VoiceChatPacketProcessingThread/INFO] [voicechat/]: [voicechat] Sent secret to Seta33
[12Jan2025 00:44:04.091] [VoiceChatPacketProcessingThread/INFO] [voicechat/]: [voicechat] Successfully authenticated player 14639684-7cba-383d-9504-86ac9ad2ef9e
[12Jan2025 00:44:04.239] [Worker-Main-3/WARN] [com.finndog.mvs.MVSCommon/]: Moog's Voyager Structures: Empty or nonexistent pool: mvs:farm/side_pool which is being called from mvs:nature/short_oak_pathway
[12Jan2025 00:44:04.240] [Worker-Main-3/WARN] [com.finndog.mvs.MVSCommon/]: Moog's Voyager Structures: Empty or nonexistent pool: mvs:farm/side_pool which is being called from mvs:nature/short_oak_pathway
[12Jan2025 00:44:05.091] [VoiceChatPacketProcessingThread/INFO] [voicechat/]: [voicechat] Successfully validated connection of player 14639684-7cba-383d-9504-86ac9ad2ef9e
[12Jan2025 00:44:05.098] [VoiceChatPacketProcessingThread/INFO] [voicechat/]: [voicechat] Player Seta33 (14639684-7cba-383d-9504-86ac9ad2ef9e) successfully connected to voice chat
[12Jan2025 00:45:14.096] [Server thread/INFO] [net.minecraft.server.MinecraftServer/]: [Seta33: Set own game mode to Spectator Mode]
[12Jan2025 00:45:38.421] [Server thread/INFO] [net.minecraft.server.MinecraftServer/]: [Seta33: Set own game mode to Survival Mode]
[12Jan2025 00:48:54.786] [Worker-Main-3/WARN] [net.minecraft.world.level.levelgen.structure.pools.JigsawPlacement/]: Empty or non-existent pool: minecraft:
[12Jan2025 00:48:57.475] [Server thread/WARN] [net.minecraft.server.MinecraftServer/]: Can't keep up! Is the server overloaded? Running 3372ms or 67 ticks behind
[12Jan2025 00:49:13.496] [Worker-Main-3/WARN] [net.minecraft.world.level.levelgen.structure.pools.JigsawPlacement/]: Empty or non-existent pool: minecraft:
[12Jan2025 00:50:29.277] [Worker-Main-3/WARN] [net.minecraft.world.level.levelgen.structure.pools.JigsawPlacement/]: Empty or non-existent pool: minecraft:
